[DEBUG][22-02-10][org.apache.ibatis.logging.LogFactory]Logging initialized using 'class org.apache.ibatis.logging.log4j.Log4jImpl' adapter.
[DEBUG][22-02-10][org.apache.ibatis.logging.LogFactory]Logging initialized using 'class org.apache.ibatis.logging.log4j.Log4jImpl' adapter.
[DEBUG][22-02-10][org.apache.ibatis.datasource.pooled.PooledDataSource]PooledDataSource forcefully closed/removed all connections.
[DEBUG][22-02-10][org.apache.ibatis.datasource.pooled.PooledDataSource]PooledDataSource forcefully closed/removed all connections.
[DEBUG][22-02-10][org.apache.ibatis.datasource.pooled.PooledDataSource]PooledDataSource forcefully closed/removed all connections.
[DEBUG][22-02-10][org.apache.ibatis.datasource.pooled.PooledDataSource]PooledDataSource forcefully closed/removed all connections.
[DEBUG][22-02-10][org.apache.ibatis.transaction.jdbc.JdbcTransaction]Opening JDBC Connection
[DEBUG][22-02-10][org.apache.ibatis.datasource.pooled.PooledDataSource]Created connection 21257599.
[DEBUG][22-02-10][org.apache.ibatis.transaction.jdbc.JdbcTransaction]Setting autocommit to false on JDBC Connection [com.mysql.jdbc.JDBC4Connection@1445d7f]
[DEBUG][22-02-10][com.dong.dao.UserMapper.getUserList]==>  Preparing: select * from mybatis.user;
[DEBUG][22-02-10][com.dong.dao.UserMapper.getUserList]==> Parameters: 
[DEBUG][22-02-10][com.dong.dao.UserMapper.getUserList]<==      Total: 6
[DEBUG][22-02-10][org.apache.ibatis.transaction.jdbc.JdbcTransaction]Resetting autocommit to true on JDBC Connection [com.mysql.jdbc.JDBC4Connection@1445d7f]
[DEBUG][22-02-10][org.apache.ibatis.transaction.jdbc.JdbcTransaction]Closing JDBC Connection [com.mysql.jdbc.JDBC4Connection@1445d7f]
[DEBUG][22-02-10][org.apache.ibatis.datasource.pooled.PooledDataSource]Returned connection 21257599 to pool.
[DEBUG][22-02-10][org.apache.ibatis.logging.LogFactory]Logging initialized using 'class org.apache.ibatis.logging.log4j.Log4jImpl' adapter.
[DEBUG][22-02-10][org.apache.ibatis.logging.LogFactory]Logging initialized using 'class org.apache.ibatis.logging.log4j.Log4jImpl' adapter.
[DEBUG][22-02-10][org.apache.ibatis.datasource.pooled.PooledDataSource]PooledDataSource forcefully closed/removed all connections.
[DEBUG][22-02-10][org.apache.ibatis.datasource.pooled.PooledDataSource]PooledDataSource forcefully closed/removed all connections.
[DEBUG][22-02-10][org.apache.ibatis.datasource.pooled.PooledDataSource]PooledDataSource forcefully closed/removed all connections.
[DEBUG][22-02-10][org.apache.ibatis.datasource.pooled.PooledDataSource]PooledDataSource forcefully closed/removed all connections.
[DEBUG][22-02-10][org.apache.ibatis.transaction.jdbc.JdbcTransaction]Opening JDBC Connection
[DEBUG][22-02-10][org.apache.ibatis.datasource.pooled.PooledDataSource]Created connection 667346055.
[DEBUG][22-02-10][org.apache.ibatis.transaction.jdbc.JdbcTransaction]Setting autocommit to false on JDBC Connection [com.mysql.jdbc.JDBC4Connection@27c6e487]
[DEBUG][22-02-10][com.dong.dao.UserMapper.getUserLimit]==>  Preparing: select * from mybatis.user limit ?,?;
[DEBUG][22-02-10][com.dong.dao.UserMapper.getUserLimit]==> Parameters: null, null
[DEBUG][22-02-10][org.apache.ibatis.logging.LogFactory]Logging initialized using 'class org.apache.ibatis.logging.log4j.Log4jImpl' adapter.
[DEBUG][22-02-10][org.apache.ibatis.logging.LogFactory]Logging initialized using 'class org.apache.ibatis.logging.log4j.Log4jImpl' adapter.
[DEBUG][22-02-10][org.apache.ibatis.datasource.pooled.PooledDataSource]PooledDataSource forcefully closed/removed all connections.
[DEBUG][22-02-10][org.apache.ibatis.datasource.pooled.PooledDataSource]PooledDataSource forcefully closed/removed all connections.
[DEBUG][22-02-10][org.apache.ibatis.datasource.pooled.PooledDataSource]PooledDataSource forcefully closed/removed all connections.
[DEBUG][22-02-10][org.apache.ibatis.datasource.pooled.PooledDataSource]PooledDataSource forcefully closed/removed all connections.
[DEBUG][22-02-10][org.apache.ibatis.transaction.jdbc.JdbcTransaction]Opening JDBC Connection
[DEBUG][22-02-10][org.apache.ibatis.datasource.pooled.PooledDataSource]Created connection 667346055.
[DEBUG][22-02-10][org.apache.ibatis.transaction.jdbc.JdbcTransaction]Setting autocommit to false on JDBC Connection [com.mysql.jdbc.JDBC4Connection@27c6e487]
[DEBUG][22-02-10][com.dong.dao.UserMapper.getUserLimit]==>  Preparing: select * from mybatis.user limit ?,?;
[DEBUG][22-02-10][com.dong.dao.UserMapper.getUserLimit]==> Parameters: 0(Integer), 2(Integer)
[DEBUG][22-02-10][com.dong.dao.UserMapper.getUserLimit]<==      Total: 2
[DEBUG][22-02-10][org.apache.ibatis.logging.LogFactory]Logging initialized using 'class org.apache.ibatis.logging.log4j.Log4jImpl' adapter.
[DEBUG][22-02-10][org.apache.ibatis.logging.LogFactory]Logging initialized using 'class org.apache.ibatis.logging.log4j.Log4jImpl' adapter.
[DEBUG][22-02-10][org.apache.ibatis.datasource.pooled.PooledDataSource]PooledDataSource forcefully closed/removed all connections.
[DEBUG][22-02-10][org.apache.ibatis.datasource.pooled.PooledDataSource]PooledDataSource forcefully closed/removed all connections.
[DEBUG][22-02-10][org.apache.ibatis.datasource.pooled.PooledDataSource]PooledDataSource forcefully closed/removed all connections.
[DEBUG][22-02-10][org.apache.ibatis.datasource.pooled.PooledDataSource]PooledDataSource forcefully closed/removed all connections.
[DEBUG][22-02-10][org.apache.ibatis.transaction.jdbc.JdbcTransaction]Opening JDBC Connection
[DEBUG][22-02-10][org.apache.ibatis.datasource.pooled.PooledDataSource]Created connection 667346055.
[DEBUG][22-02-10][org.apache.ibatis.transaction.jdbc.JdbcTransaction]Setting autocommit to false on JDBC Connection [com.mysql.jdbc.JDBC4Connection@27c6e487]
[DEBUG][22-02-10][com.dong.dao.UserMapper.getUserLimit]==>  Preparing: select * from mybatis.user limit ?,?;
[DEBUG][22-02-10][com.dong.dao.UserMapper.getUserLimit]==> Parameters: 0(Integer), 2(Integer)
[DEBUG][22-02-10][com.dong.dao.UserMapper.getUserLimit]<==      Total: 2
[DEBUG][22-02-10][org.apache.ibatis.logging.LogFactory]Logging initialized using 'class org.apache.ibatis.logging.log4j.Log4jImpl' adapter.
[DEBUG][22-02-10][org.apache.ibatis.logging.LogFactory]Logging initialized using 'class org.apache.ibatis.logging.log4j.Log4jImpl' adapter.
[DEBUG][22-02-10][org.apache.ibatis.datasource.pooled.PooledDataSource]PooledDataSource forcefully closed/removed all connections.
[DEBUG][22-02-10][org.apache.ibatis.datasource.pooled.PooledDataSource]PooledDataSource forcefully closed/removed all connections.
[DEBUG][22-02-10][org.apache.ibatis.datasource.pooled.PooledDataSource]PooledDataSource forcefully closed/removed all connections.
[DEBUG][22-02-10][org.apache.ibatis.datasource.pooled.PooledDataSource]PooledDataSource forcefully closed/removed all connections.
[DEBUG][22-02-10][org.apache.ibatis.transaction.jdbc.JdbcTransaction]Opening JDBC Connection
[DEBUG][22-02-10][org.apache.ibatis.datasource.pooled.PooledDataSource]Created connection 1268959798.
[DEBUG][22-02-10][org.apache.ibatis.transaction.jdbc.JdbcTransaction]Setting autocommit to false on JDBC Connection [com.mysql.jdbc.JDBC4Connection@4ba2ca36]
[DEBUG][22-02-10][com.dong.dao.UserMapper.getUserByRowbouns]==>  Preparing: select * from mybatis.user
[DEBUG][22-02-10][com.dong.dao.UserMapper.getUserByRowbouns]==> Parameters: 
[DEBUG][22-02-10][com.dong.dao.UserMapper.getUserByRowbouns]<==      Total: 6
[DEBUG][22-02-10][org.apache.ibatis.transaction.jdbc.JdbcTransaction]Resetting autocommit to true on JDBC Connection [com.mysql.jdbc.JDBC4Connection@4ba2ca36]
[DEBUG][22-02-10][org.apache.ibatis.transaction.jdbc.JdbcTransaction]Closing JDBC Connection [com.mysql.jdbc.JDBC4Connection@4ba2ca36]
[DEBUG][22-02-10][org.apache.ibatis.datasource.pooled.PooledDataSource]Returned connection 1268959798 to pool.
[DEBUG][22-02-10][org.apache.ibatis.logging.LogFactory]Logging initialized using 'class org.apache.ibatis.logging.log4j.Log4jImpl' adapter.
[DEBUG][22-02-10][org.apache.ibatis.logging.LogFactory]Logging initialized using 'class org.apache.ibatis.logging.log4j.Log4jImpl' adapter.
[DEBUG][22-02-10][org.apache.ibatis.datasource.pooled.PooledDataSource]PooledDataSource forcefully closed/removed all connections.
[DEBUG][22-02-10][org.apache.ibatis.datasource.pooled.PooledDataSource]PooledDataSource forcefully closed/removed all connections.
[DEBUG][22-02-10][org.apache.ibatis.datasource.pooled.PooledDataSource]PooledDataSource forcefully closed/removed all connections.
[DEBUG][22-02-10][org.apache.ibatis.datasource.pooled.PooledDataSource]PooledDataSource forcefully closed/removed all connections.
[DEBUG][22-02-10][org.apache.ibatis.transaction.jdbc.JdbcTransaction]Opening JDBC Connection
[DEBUG][22-02-10][org.apache.ibatis.datasource.pooled.PooledDataSource]Created connection 1268959798.
[DEBUG][22-02-10][org.apache.ibatis.transaction.jdbc.JdbcTransaction]Setting autocommit to false on JDBC Connection [com.mysql.jdbc.JDBC4Connection@4ba2ca36]
[DEBUG][22-02-10][com.dong.dao.UserMapper.getUserByRowbouns]==>  Preparing: select * from mybatis.user
[DEBUG][22-02-10][com.dong.dao.UserMapper.getUserByRowbouns]==> Parameters: 
[DEBUG][22-02-10][org.apache.ibatis.transaction.jdbc.JdbcTransaction]Resetting autocommit to true on JDBC Connection [com.mysql.jdbc.JDBC4Connection@4ba2ca36]
[DEBUG][22-02-10][org.apache.ibatis.transaction.jdbc.JdbcTransaction]Closing JDBC Connection [com.mysql.jdbc.JDBC4Connection@4ba2ca36]
[DEBUG][22-02-10][org.apache.ibatis.datasource.pooled.PooledDataSource]Returned connection 1268959798 to pool.
